

<!DOCTYPE html>
<html>
<head>
<meta charset="utf-8">
<meta name="viewport" content="width=device-width, initial-scale=1, shrink-to-fit=no">
<title>Extent</title>
<link rel="apple-touch-icon" href="https://cdn.jsdelivr.net/gh/extent-framework/extent-github-cdn@b00a2d0486596e73dd7326beacf352c639623a0e/commons/img/logo.png">
<link rel="shortcut icon" href="https://cdn.jsdelivr.net/gh/extent-framework/extent-github-cdn@b00a2d0486596e73dd7326beacf352c639623a0e/commons/img/logo.png">
<link href="https://cdn.jsdelivr.net/gh/extent-framework/extent-github-cdn@c43b89d03a7c43dae8bb8f0f078bad1997af6b3b/spark/css/spark-style.css" rel="stylesheet" />
<link href="https://stackpath.bootstrapcdn.com/font-awesome/4.7.0/css/font-awesome.min.css" rel="stylesheet">
<script src="https://cdn.rawgit.com/extent-framework/extent-github-cdn/7cc78ce/spark/js/jsontree.js"></script>
<style type="text/css"></style></head><body class="spa bdd-report dark">
  <div class="app">
    <div class="layout">
<div class="header navbar">
<div class="vheader">
<div class="nav-logo">
<a href="#">
<div class="logo" style="background-image: url('https://cdn.jsdelivr.net/gh/extent-framework/extent-github-cdn@b00a2d0486596e73dd7326beacf352c639623a0e/commons/img/logo.png')"></div>
</a>
</div>
<ul class="nav-left">
<li class="search-box">
<a class="search-toggle" href="#">
<i class="search-icon fa fa-search"></i>
<i class="search-icon-close fa fa-close"></i>
</a>
</li>
<li class="search-input"><input id="search-tests" class="form-control" type="text" placeholder="Search..."></li>
</ul>
<ul class="nav-right">
<li class="m-r-10">
<a href="#"><span class="badge badge-primary">Grasshopper Report</span></a>
</li>
<li class="m-r-10">
<a href="#"><span class="badge badge-primary">Aug 11, 2021 05:13:17 pm</span></a>
</li>
</ul>
</div>
</div><div class="side-nav">
<div class="side-nav-inner">
<ul class="side-nav-menu">
<li class="nav-item dropdown" onclick="toggleView('dashboard-view')">
<a id="nav-dashboard" class="dropdown-toggle" href="#">
<span class="ico"><i class="fa fa-bar-chart"></i></span>
</a>
</li>
<li class="nav-item dropdown" onclick="toggleView('test-view')">
<a id="nav-test" class="dropdown-toggle" href="#">
<span class="ico"><i class="fa fa-list"></i></span>
</a>
</li>
<li class="nav-item dropdown" onclick="toggleView('exception-view')">
<a id="nav-exception" class="dropdown-toggle" href="#">
<span class="ico"><i class="fa fa-bug"></i></span>
</a>
</li>
</ul>
</div>
</div>      <div class="vcontainer">
        <div class="main-content">
<div class="container-fluid p-4 view dashboard-view">
<div class="row">
<div class="col-md-3">
<div class="card"><div class="card-body">
<p class="m-b-0">Started</p>
<h3>Aug 11, 2021 05:13:17 pm</h3>
</div></div>
</div>
<div class="col-md-3">
<div class="card"><div class="card-body">
<p class="m-b-0">Ended</p>
<h3>Aug 11, 2021 05:14:11 pm</h3>
</div></div>
</div>
<div class="col-md-3">
<div class="card"><div class="card-body">
<p class="m-b-0 text-pass">Features Passed</p>
<h3>0</h3>
</div></div>
</div>
<div class="col-md-3">
<div class="card"><div class="card-body">
<p class="m-b-0 text-fail">Features Failed</p>
<h3>2</h3>
</div></div>
</div>
</div>
<div class="row">
<div class="col-md-4">
<div class="card">
<div class="card-header">
<h6 class="card-title">Features</h6>
</div>
<div class="card-body">
<div class="">
<canvas id='parent-analysis' width='115' height='90'></canvas>
</div>
</div>
<div class="card-footer">
<div><small data-tooltip='0%'>
<b>0</b> features passed
</small>
</div>
<div>
<small data-tooltip='100%'><b>2</b> features failed,
<b>0</b> skipped, <b data-tooltip='0%'>0</b> others
</small>
</div>
</div>
</div>
</div>
<div class="col-md-4">
<div class="card">
<div class="card-header">
<h6 class="card-title">Scenarios</h6>
</div>
<div class="card-body">
<div class="">
<canvas id='child-analysis' width='115' height='90'></canvas>
</div>
</div>
<div class="card-footer">
<div><small data-tooltip='40%'><b>2</b> scenarios passed</small></div>
<div>
<small data-tooltip='60%'><b>3</b> scenarios failed,
<b>0</b> skipped, <b data-tooltip='%'>0</b> others
</small>
</div>
</div>
</div>
</div>
<div class="col-md-4">
<div class="card">
<div class="card-header">
<h6 class="card-title">Steps</h6>
</div>
<div class="card-body">
<div class="">
<canvas id='grandchild-analysis' width='115' height='90'></canvas>
</div>
</div>
<div class="card-footer">
<div><small data-tooltip='59%'><b>13</b> steps passed</small></div>
<div>
<small data-tooltip='13%'><b>3</b> steps failed,
<b>6</b> skipped, <b data-tooltip='%'>0</b> others
</small>
</div>
</div>
</div>
</div>
</div>
<div class="row"><div class="col-md-12">
<div class="card"><div class="card-header"><p>Timeline</p></div>
<div class="card-body pt-0"><div>
<canvas id="timeline" height="120"></canvas>
</div></div>
</div>
</div></div>
<script>
var timeline = {
"Account Page Feature":6.69,"Login page feature":46.532
};
</script>
<div class="row">
<div class="col-md-4 sysenv-container">
<div class="card">
<div class="card-header"><p>System/Environment</p></div>
<div class="card-body pb-0 pt-0"><table class="table table-sm table-bordered">
<thead><tr class="bg-gray"><th>Name</th><th>Value</th></tr></thead>
<tbody>
<tr>
<td>AppName</td>
<td>AutomationPractice</td>
</tr>
<tr>
<td>user</td>
<td>Naveen</td>
</tr>
<tr>
<td>build</td>
<td>1.1</td>
</tr>
<tr>
<td>os</td>
<td>Mac</td>
</tr>
</tbody>
</table></div>
</div>
</div>
</div>
</div>
<script>
var statusGroup = {
parentCount: 5,
passParent: 0,
failParent: 2,
warningParent: 0,
skipParent: 0,
childCount: 5,
passChild: 2,
failChild: 3,
warningChild: 0,
skipChild: 0,
infoChild: 0,
grandChildCount: 5,
passGrandChild: 13,
failGrandChild: 3,
warningGrandChild: 0,
skipGrandChild: 6,
infoGrandChild: 0,
eventsCount: 5,
};
</script><div class="test-wrapper row view test-view">
  <div class="test-list">
    <div class="test-list-tools">
<ul class="tools pull-left">
<li><a href="#"><span class="font-size-14">Tests</span></a></li>
</ul>
<ul class="tools text-right">
<li class="dropdown">
<a href="#" class="dropdown-toggle" data-toggle="dropdown"><i class="fa fa-exclamation-circle"></i></a>
<ul id="status-toggle" class="dropdown-menu dropdown-md p-v-0">
<a class="dropdown-item" status="fail" href="#"><span>Fail</span><span class="status danger"></span></a>
<div class="dropdown-divider"></div>
<a status="clear" class="dropdown-item" href="#"><span>Clear</span><span class="pull-right"><i class="fa fa-close"></i></span></a>
</ul>
</li>
</ul>
</div>    <div class="test-list-wrapper scrollable">
      <ul class="test-list-item">
        <li class="test-item"  status="fail" test-id="1"
          author=""
          tag=""
          device="">
          <div class="test-detail">
            <p class="name">Account Page Feature</p>
            <p class="text-sm">
              <span>17:13:18 pm</span> / <span>00:00:06:690</span>
              <span class="badge fail-bg log float-right">Fail</span>
            </p>
          </div>
          <div class="test-contents d-none">
<div class="detail-head">
<div class="p-v-10">
<div class="info">
<h5 class="test-status text-fail">Account Page Feature</h5>
<span class='badge badge-success'>08.11.2021 17:13:18</span>
<span class='badge badge-danger'>08.11.2021 17:13:25</span>
<span class='badge badge-default'>00:00:06:690</span>
&middot; <span class='uri-anchor badge badge-default'>#test-id=1</span>
</div>
<div class="m-t-10 m-l-5"></div>
</div>
</div>
<div class="accordion mt-4">
  <div class="card">
    <div class="card-header" role="tab">
      <div class="card-title">
        <div class="node" id="2"><span class="badge log fail-bg mr-2">Fail</span>Accounts page title</div>
          <div class="status-avatar float-right mr-4">
            <i class="fa fa-paperclip"></i>
          </div>
      </div>
    </div>
        <div class="">
          <div class="card-body">
              <div class="step fail-bg" title="stepdefinitions.AccountsPageSteps.user_has_already_logged_in_to_application(io.cucumber.datatable.DataTable)">
                <span>Given user has already logged in to application</span>
      <div><table class='markup-table table '><tr><td>username</td><td>password</td></tr><tr><td>dastuhin292@gmail.com</td><td>Santa1234!</td></tr></table>
      </div>
      <div>
        <textarea disabled class="code-block">org.openqa.selenium.NoSuchElementException: no such element: Unable to locate element: {"method":"css selector","selector":"#email"}
  (Session info: chrome=92.0.4515.131)
For documentation on this error, please visit: https://www.seleniumhq.org/exceptions/no_such_element.html
Build info: version: '3.141.59', revision: 'e82be7d358', time: '2018-11-14T08:17:03'
System info: host: 'LAPTOP-C7HGNBTL', ip: '192.168.225.167', os.name: 'Windows 10', os.arch: 'amd64', os.version: '10.0', java.version: '15.0.2'
Driver info: org.openqa.selenium.chrome.ChromeDriver
Capabilities {acceptInsecureCerts: false, browserName: chrome, browserVersion: 92.0.4515.131, chrome: {chromedriverVersion: 92.0.4515.107 (87a818b10553..., userDataDir: C:\Users\dastu\AppData\Loca...}, goog:chromeOptions: {debuggerAddress: localhost:55042}, javascriptEnabled: true, networkConnectionEnabled: false, pageLoadStrategy: normal, platform: WINDOWS, platformName: WINDOWS, proxy: Proxy(), setWindowRect: true, strictFileInteractability: false, timeouts: {implicit: 0, pageLoad: 300000, script: 30000}, unhandledPromptBehavior: dismiss and notify, webauthn:extension:credBlob: true, webauthn:extension:largeBlob: true, webauthn:virtualAuthenticators: true}
Session ID: be847536fec5dd0a2b92c7ee6f9b0060
*** Element info: {Using=id, value=email}
	at java.base/jdk.internal.reflect.NativeConstructorAccessorImpl.newInstance0(Native Method)
	at java.base/jdk.internal.reflect.NativeConstructorAccessorImpl.newInstance(NativeConstructorAccessorImpl.java:64)
	at java.base/jdk.internal.reflect.DelegatingConstructorAccessorImpl.newInstance(DelegatingConstructorAccessorImpl.java:45)
	at java.base/java.lang.reflect.Constructor.newInstanceWithCaller(Constructor.java:500)
	at java.base/java.lang.reflect.Constructor.newInstance(Constructor.java:481)
	at org.openqa.selenium.remote.http.W3CHttpResponseCodec.createException(W3CHttpResponseCodec.java:187)
	at org.openqa.selenium.remote.http.W3CHttpResponseCodec.decode(W3CHttpResponseCodec.java:122)
	at org.openqa.selenium.remote.http.W3CHttpResponseCodec.decode(W3CHttpResponseCodec.java:49)
	at org.openqa.selenium.remote.HttpCommandExecutor.execute(HttpCommandExecutor.java:158)
	at org.openqa.selenium.remote.service.DriverCommandExecutor.execute(DriverCommandExecutor.java:83)
	at org.openqa.selenium.remote.RemoteWebDriver.execute(RemoteWebDriver.java:552)
	at org.openqa.selenium.remote.RemoteWebDriver.findElement(RemoteWebDriver.java:323)
	at org.openqa.selenium.remote.RemoteWebDriver.findElementById(RemoteWebDriver.java:372)
	at org.openqa.selenium.By$ById.findElement(By.java:188)
	at org.openqa.selenium.remote.RemoteWebDriver.findElement(RemoteWebDriver.java:315)
	at com.pages.LoginPage.doLogin(LoginPage.java:45)
	at stepdefinitions.AccountsPageSteps.user_has_already_logged_in_to_application(AccountsPageSteps.java:28)
	at ✽.user has already logged in to application(file:///C:/Users/dastu/eclipse-workspace/CucmberPOM/src/test/resources/com/feature/AccountPage.feature:4)
</textarea>
      
      </div>
              </div>
              <div class="step skip-bg" title="stepdefinitions.AccountsPageSteps.user_is_on_accounts_page()">
                <span>Given user is on Accounts page</span>
      <div>Step skipped
      </div>
              </div>
              <div class="step skip-bg" title="stepdefinitions.LoginPageSteps.user_gets_the_title_of_the_page()">
                <span>When user gets the title of the page</span>
      <div>Step skipped
      </div>
              </div>
              <div class="step skip-bg" title="stepdefinitions.LoginPageSteps.page_title_should_be(java.lang.String)">
                <span>Then page title should be "My account - My Store"</span>
      <div>Step skipped
      </div>
              </div>
              <div class="step pass-bg" title="AFTER">
                <span>AppHooks.ApplicationHooks.tearDown(io.cucumber.java.Scenario)</span>
      <div>Accounts_page_title
          <div class="row mb-3"><div class="col-md-3">
    <img data-featherlight='../embedded1.png' src="../embedded1.png">
    
    </div></div>
</div>
      <div>
      </div>
              </div>
          </div>
        </div>
  </div>
  <div class="card">
    <div class="card-header" role="tab">
      <div class="card-title">
        <div class="node" id="11"><span class="badge log fail-bg mr-2">Fail</span>Accounts section count</div>
          <div class="status-avatar float-right mr-4">
            <i class="fa fa-paperclip"></i>
          </div>
      </div>
    </div>
        <div class="">
          <div class="card-body">
              <div class="step fail-bg" title="stepdefinitions.AccountsPageSteps.user_has_already_logged_in_to_application(io.cucumber.datatable.DataTable)">
                <span>Given user has already logged in to application</span>
      <div><table class='markup-table table '><tr><td>username</td><td>password</td></tr><tr><td>dastuhin292@gmail.com</td><td>Santa1234!</td></tr></table>
      </div>
      <div>
        <textarea disabled class="code-block">org.openqa.selenium.NoSuchElementException: no such element: Unable to locate element: {"method":"css selector","selector":"#email"}
  (Session info: chrome=92.0.4515.131)
For documentation on this error, please visit: https://www.seleniumhq.org/exceptions/no_such_element.html
Build info: version: '3.141.59', revision: 'e82be7d358', time: '2018-11-14T08:17:03'
System info: host: 'LAPTOP-C7HGNBTL', ip: '192.168.225.167', os.name: 'Windows 10', os.arch: 'amd64', os.version: '10.0', java.version: '15.0.2'
Driver info: org.openqa.selenium.chrome.ChromeDriver
Capabilities {acceptInsecureCerts: false, browserName: chrome, browserVersion: 92.0.4515.131, chrome: {chromedriverVersion: 92.0.4515.107 (87a818b10553..., userDataDir: C:\Users\dastu\AppData\Loca...}, goog:chromeOptions: {debuggerAddress: localhost:50901}, javascriptEnabled: true, networkConnectionEnabled: false, pageLoadStrategy: normal, platform: WINDOWS, platformName: WINDOWS, proxy: Proxy(), setWindowRect: true, strictFileInteractability: false, timeouts: {implicit: 0, pageLoad: 300000, script: 30000}, unhandledPromptBehavior: dismiss and notify, webauthn:extension:credBlob: true, webauthn:extension:largeBlob: true, webauthn:virtualAuthenticators: true}
Session ID: 56225ac4fd85bd670d964c2e578d4c22
*** Element info: {Using=id, value=email}
	at java.base/jdk.internal.reflect.NativeConstructorAccessorImpl.newInstance0(Native Method)
	at java.base/jdk.internal.reflect.NativeConstructorAccessorImpl.newInstance(NativeConstructorAccessorImpl.java:64)
	at java.base/jdk.internal.reflect.DelegatingConstructorAccessorImpl.newInstance(DelegatingConstructorAccessorImpl.java:45)
	at java.base/java.lang.reflect.Constructor.newInstanceWithCaller(Constructor.java:500)
	at java.base/java.lang.reflect.Constructor.newInstance(Constructor.java:481)
	at org.openqa.selenium.remote.http.W3CHttpResponseCodec.createException(W3CHttpResponseCodec.java:187)
	at org.openqa.selenium.remote.http.W3CHttpResponseCodec.decode(W3CHttpResponseCodec.java:122)
	at org.openqa.selenium.remote.http.W3CHttpResponseCodec.decode(W3CHttpResponseCodec.java:49)
	at org.openqa.selenium.remote.HttpCommandExecutor.execute(HttpCommandExecutor.java:158)
	at org.openqa.selenium.remote.service.DriverCommandExecutor.execute(DriverCommandExecutor.java:83)
	at org.openqa.selenium.remote.RemoteWebDriver.execute(RemoteWebDriver.java:552)
	at org.openqa.selenium.remote.RemoteWebDriver.findElement(RemoteWebDriver.java:323)
	at org.openqa.selenium.remote.RemoteWebDriver.findElementById(RemoteWebDriver.java:372)
	at org.openqa.selenium.By$ById.findElement(By.java:188)
	at org.openqa.selenium.remote.RemoteWebDriver.findElement(RemoteWebDriver.java:315)
	at com.pages.LoginPage.doLogin(LoginPage.java:45)
	at stepdefinitions.AccountsPageSteps.user_has_already_logged_in_to_application(AccountsPageSteps.java:28)
	at ✽.user has already logged in to application(file:///C:/Users/dastu/eclipse-workspace/CucmberPOM/src/test/resources/com/feature/AccountPage.feature:4)
</textarea>
      
      </div>
              </div>
              <div class="step skip-bg" title="stepdefinitions.AccountsPageSteps.user_is_on_accounts_page()">
                <span>Given user is on Accounts page</span>
      <div>Step skipped
      </div>
              </div>
              <div class="step skip-bg" title="stepdefinitions.AccountsPageSteps.user_gets_accounts_section(io.cucumber.datatable.DataTable)">
                <span>Then user gets accounts section</span>
      <div><table class='markup-table table '><tr><td>ORDER HISTORY AND DETAILS</td></tr><tr><td>MY CREDIT SLIPS</td></tr><tr><td>MY ADDRESSES</td></tr><tr><td>MY PERSONAL INFORMATION</td></tr><tr><td>MY WISHLISTS</td></tr><tr><td>Home</td></tr></table>
      </div>
      <div>Step skipped
      </div>
              </div>
              <div class="step skip-bg" title="stepdefinitions.AccountsPageSteps.accounts_section_count_should_be(java.lang.Integer)">
                <span>And accounts section count should be 6</span>
      <div>Step skipped
      </div>
              </div>
              <div class="step pass-bg" title="AFTER">
                <span>AppHooks.ApplicationHooks.tearDown(io.cucumber.java.Scenario)</span>
      <div>Accounts_section_count
          <div class="row mb-3"><div class="col-md-3">
    <img data-featherlight='../embedded2.png' src="../embedded2.png">
    
    </div></div>
</div>
      <div>
      </div>
              </div>
          </div>
        </div>
  </div>
</div>
          </div>
        </li>
        <li class="test-item"  status="fail" test-id="20"
          author=""
          tag=""
          device="">
          <div class="test-detail">
            <p class="name">Login page feature</p>
            <p class="text-sm">
              <span>17:13:25 pm</span> / <span>00:00:46:532</span>
              <span class="badge fail-bg log float-right">Fail</span>
            </p>
          </div>
          <div class="test-contents d-none">
<div class="detail-head">
<div class="p-v-10">
<div class="info">
<h5 class="test-status text-fail">Login page feature</h5>
<span class='badge badge-success'>08.11.2021 17:13:25</span>
<span class='badge badge-danger'>08.11.2021 17:14:11</span>
<span class='badge badge-default'>00:00:46:532</span>
&middot; <span class='uri-anchor badge badge-default'>#test-id=20</span>
</div>
<div class="m-t-10 m-l-5"></div>
</div>
</div>
<div class="accordion mt-4">
  <div class="card">
    <div class="card-header" role="tab">
      <div class="card-title">
        <div class="node" id="21"><span class="badge log fail-bg mr-2">Fail</span>Login page title</div>
          <div class="status-avatar float-right mr-4">
            <i class="fa fa-paperclip"></i>
          </div>
      </div>
    </div>
        <div class="">
          <div class="card-body">
              <div class="step pass-bg" title="stepdefinitions.LoginPageSteps.user_is_on_login_page()">
                <span>Given user is on login page</span>
      <div>
      </div>
              </div>
              <div class="step pass-bg" title="stepdefinitions.LoginPageSteps.user_gets_the_title_of_the_page()">
                <span>When user gets the title of the page</span>
      <div>
      </div>
              </div>
              <div class="step fail-bg" title="stepdefinitions.LoginPageSteps.page_title_should_be(java.lang.String)">
                <span>Then page title should be "Login - MyStore"</span>
      <div>
        <textarea disabled class="code-block">java.lang.AssertionError
	at org.junit.Assert.fail(Assert.java:87)
	at org.junit.Assert.assertTrue(Assert.java:42)
	at org.junit.Assert.assertTrue(Assert.java:53)
	at stepdefinitions.LoginPageSteps.page_title_should_be(LoginPageSteps.java:30)
	at ✽.page title should be "Login - MyStore"(file:///C:/Users/dastu/eclipse-workspace/CucmberPOM/src/test/resources/com/feature/LoginPage.feature:6)
</textarea>
      
      </div>
              </div>
              <div class="step pass-bg" title="AFTER">
                <span>AppHooks.ApplicationHooks.tearDown(io.cucumber.java.Scenario)</span>
      <div>Login_page_title
          <div class="row mb-3"><div class="col-md-3">
    <img data-featherlight='../embedded3.png' src="../embedded3.png">
    
    </div></div>
</div>
      <div>
      </div>
              </div>
          </div>
        </div>
  </div>
  <div class="card">
    <div class="card-header" role="tab">
      <div class="card-title">
        <div class="node" id="29"><span class="badge log pass-bg mr-2">Pass</span>Forgot Password link</div>
      </div>
    </div>
        <div class="collapse">
          <div class="card-body">
              <div class="step pass-bg" title="stepdefinitions.LoginPageSteps.user_is_on_login_page()">
                <span>Given user is on login page</span>
      <div>
      </div>
              </div>
              <div class="step pass-bg" title="stepdefinitions.LoginPageSteps.forgot_your_password_link_should_be_displayed()">
                <span>Then forgot your password link should be displayed</span>
      <div>
      </div>
              </div>
          </div>
        </div>
  </div>
  <div class="card">
    <div class="card-header" role="tab">
      <div class="card-title">
        <div class="node" id="36"><span class="badge log pass-bg mr-2">Pass</span>Login with correct credentials</div>
      </div>
    </div>
        <div class="collapse">
          <div class="card-body">
              <div class="step pass-bg" title="stepdefinitions.LoginPageSteps.user_is_on_login_page()">
                <span>Given user is on login page</span>
      <div>
      </div>
              </div>
              <div class="step pass-bg" title="stepdefinitions.LoginPageSteps.user_enters_username(java.lang.String)">
                <span>When user enters username "dastuhin292@gmail.com"</span>
      <div>
      </div>
              </div>
              <div class="step pass-bg" title="stepdefinitions.LoginPageSteps.user_enters_password(java.lang.String)">
                <span>And user enters password "Santa1234!"</span>
      <div>
      </div>
              </div>
              <div class="step pass-bg" title="stepdefinitions.LoginPageSteps.user_clicks_on_login_button()">
                <span>And user clicks on Login button</span>
      <div>
      </div>
              </div>
              <div class="step pass-bg" title="stepdefinitions.LoginPageSteps.user_gets_the_title_of_the_page()">
                <span>Then user gets the title of the page</span>
      <div>
      </div>
              </div>
              <div class="step pass-bg" title="stepdefinitions.LoginPageSteps.page_title_should_be(java.lang.String)">
                <span>And page title should be "My account - My Store"</span>
      <div>
      </div>
              </div>
          </div>
        </div>
  </div>
</div>
          </div>
        </li>
      </ul>
    </div>
  </div>
<div class="test-content scrollable">
<div class="test-content-tools">
<ul><li><a class="back-to-test" href="#"><i class="fa fa-arrow-left"></i></a></li></ul>
</div>
<div class="test-content-detail"><div class="detail-body"></div></div>
</div></div>
<div class="test-wrapper row view exception-view attributes-view">
<div class="test-list">
<div class="test-list-tools">
<ul class="tools pull-left"><li><a href=""><span class="font-size-14">Exception</span></a></li></ul>
<ul class="tools text-right"><li><a href="#"><span class="badge badge-primary">2</span></a></li></ul>
</div>
<div class="test-list-wrapper scrollable">
<ul class="test-list-item">
<li class="test-item">
<div class="test-detail">
<span class="meta">
<span class='badge log badge-danger'>1</span>
</span>
<p class="name">org.openqa.selenium.NoSuchElementException</p>
<p class="duration text-sm">1 tests</p>
</div>
<div class="test-contents d-none">
<div class="info">
<h4>org.openqa.selenium.NoSuchElementException</h4>
<span status="fail" class='badge log badge-danger'>1 failed</span>
</div>
<table class='table table-sm mt-4'>
<thead>
<tr>
<th class="status-col">Status</th>
<th class="timestamp-col">Timestamp</th>
<th>TestName</th>
</tr>
</thead>
<tbody>
<tr class="tag-test-status" status="fail">
<td><span class="badge log fail-bg">Fail</span></td>
<td>17:13:20 pm</td>
<td>
<a href="#" class="linked" test-id='1' id='5'>Given user has already logged in to application</a>
<div class="">
<span class="badge badge-default">Account Page Feature.Accounts page title.Given user has already logged in to application</span>
</div>
</td>
</tr>
<tr class="tag-test-status" status="fail">
<td><span class="badge log fail-bg">Fail</span></td>
<td>17:13:23 pm</td>
<td>
<a href="#" class="linked" test-id='1' id='14'>Given user has already logged in to application</a>
<div class="">
<span class="badge badge-default">Account Page Feature.Accounts section count.Given user has already logged in to application</span>
</div>
</td>
</tr>
</tbody>
</table>
</div>
</li>
<li class="test-item">
<div class="test-detail">
<span class="meta">
<span class='badge log badge-danger'>1</span>
</span>
<p class="name">java.lang.AssertionError</p>
<p class="duration text-sm">1 tests</p>
</div>
<div class="test-contents d-none">
<div class="info">
<h4>java.lang.AssertionError</h4>
<span status="fail" class='badge log badge-danger'>1 failed</span>
</div>
<table class='table table-sm mt-4'>
<thead>
<tr>
<th class="status-col">Status</th>
<th class="timestamp-col">Timestamp</th>
<th>TestName</th>
</tr>
</thead>
<tbody>
<tr class="tag-test-status" status="fail">
<td><span class="badge log fail-bg">Fail</span></td>
<td>17:13:27 pm</td>
<td>
<a href="#" class="linked" test-id='20' id='26'>Then page title should be "Login - MyStore"</a>
<div class="">
<span class="badge badge-default">Login page feature.Login page title.Then page title should be "Login - MyStore"</span>
</div>
</td>
</tr>
</tbody>
</table>
</div>
</li>
</ul>
</div>
</div>
<div class="test-content scrollable">
<div class="test-content-detail">
<div class="detail-body"></div>
</div>
</div>
</div>        </div>
      </div>
    </div>
  </div>
<script src="https://cdn.jsdelivr.net/gh/extent-framework/extent-github-cdn@14e9bb345ef7e2ed3a102f271d84e9f0267c88e7/spark/js/spark-script.js"></script>
<script type="text/javascript"></script></body>
</html>