<?xml version="1.0" encoding="UTF-8"?>
<!-- Generated by org.testng.reporters.JUnitReportReporter -->
<testsuite hostname="LAPTOP-C7HGNBTL" failures="2" tests="7" name="Parallel.ParallelRun" time="138.249" errors="0" timestamp="14 Aug 2021 07:40:48 GMT" skipped="0">
  <testcase classname="Parallel.ParallelRun" name="runScenario" time="20.990"/>
  <testcase classname="Parallel.ParallelRun" name="runScenario" time="16.331"/>
  <testcase classname="Parallel.ParallelRun" name="runScenario" time="16.703">
    <failure type="java.lang.AssertionError">
      <![CDATA[java.lang.AssertionError
at org.junit.Assert.fail(Assert.java:87)
at org.junit.Assert.assertTrue(Assert.java:42)
at org.junit.Assert.assertTrue(Assert.java:53)
at Parallel.LoginPageSteps.page_title_should_be(LoginPageSteps.java:30)
at ✽.page title should be "Login - MyStore"(classpath:Parallel/LoginPage.feature:6)
]]>
    </failure>
  </testcase> <!-- runScenario -->
  <testcase classname="Parallel.ParallelRun" name="runScenario" time="21.053"/>
  <testcase classname="Parallel.ParallelRun" name="runScenario" time="21.348">
    <failure type="java.lang.AssertionError">
      <![CDATA[java.lang.AssertionError
at org.junit.Assert.fail(Assert.java:87)
at org.junit.Assert.assertTrue(Assert.java:42)
at org.junit.Assert.assertTrue(Assert.java:53)
at Parallel.AccountsPageSteps.accounts_section_count_should_be(AccountsPageSteps.java:50)
at ✽.accounts section count should be 6(classpath:Parallel/AccountPage.feature:24)
]]>
    </failure>
  </testcase> <!-- runScenario -->
  <testcase classname="Parallel.ParallelRun" name="runScenario" time="20.974"/>
  <testcase classname="Parallel.ParallelRun" name="runScenario" time="20.850"/>
</testsuite> <!-- Parallel.ParallelRun -->
